#
# There is insufficient memory for the Java Runtime Environment to continue.
# Native memory allocation (mmap) failed to map 65536 bytes for Failed to commit metaspace.
# Possible reasons:
#   The system is out of physical RAM or swap space
#   The process is running with CompressedOops enabled, and the Java Heap may be blocking the growth of the native heap
# Possible solutions:
#   Reduce memory load on the system
#   Increase physical memory or swap space
#   Check if swap backing store is full
#   Decrease Java heap size (-Xmx/-Xms)
#   Decrease number of Java threads
#   Decrease Java thread stack sizes (-Xss)
#   Set larger code cache with -XX:ReservedCodeCacheSize=
#   JVM is running with Zero Based Compressed Oops mode in which the Java heap is
#     placed in the first 32GB address space. The Java Heap base address is the
#     maximum limit for the native heap growth. Please use -XX:HeapBaseMinAddress
#     to set the Java Heap base and to place the Java Heap above 32GB virtual address.
# This output file may be truncated or incomplete.
#
#  Out of Memory Error (virtualSpaceNode.cpp:110), pid=18568, tid=4116
#
# JRE version: Java(TM) SE Runtime Environment (17.0.3.1+2) (build 17.0.3.1+2-LTS-6)
# Java VM: Java HotSpot(TM) 64-Bit Server VM (17.0.3.1+2-LTS-6, mixed mode, sharing, tiered, compressed oops, compressed class ptrs, g1 gc, windows-amd64)
# No core dump will be written. Minidumps are not enabled by default on client versions of Windows
#

---------------  S U M M A R Y ------------

Command Line: -agentlib:jdwp=transport=dt_socket,address=127.0.0.1:61214,suspend=y,server=n -javaagent:C:\Users\admin\AppData\Local\JetBrains\IntelliJIdea2021.2\captureAgent\debugger-agent.jar -Dfile.encoding=UTF-8 Main

Host: Intel(R) Core(TM) i7-9750H CPU @ 2.60GHz, 12 cores, 15G,  Windows 11 , 64 bit Build 22000 (10.0.22000.675)
Time: Sun May 15 14:48:38 2022  Windows 11 , 64 bit Build 22000 (10.0.22000.675) elapsed time: 15.781989 seconds (0d 0h 0m 15s)

---------------  T H R E A D  ---------------

Current thread (0x000002540c470080):  JavaThread "C1 CompilerThread0" daemon [_thread_in_vm, id=4116, stack(0x0000008951100000,0x0000008951200000)]


Current CompileTask:
C1:  15782 1176       3       java.util.Formatter$FormatSpecifier::print (230 bytes)

Stack: [0x0000008951100000,0x0000008951200000]
Native frames: (J=compiled Java code, j=interpreted, Vv=VM code, C=native code)
V  [jvm.dll+0x6711ba]
V  [jvm.dll+0x7d0834]
V  [jvm.dll+0x7d1fde]
V  [jvm.dll+0x7d2643]
V  [jvm.dll+0x242c85]
V  [jvm.dll+0x7cc7db]
V  [jvm.dll+0x616f96]
V  [jvm.dll+0x616ffa]
V  [jvm.dll+0x61980a]
V  [jvm.dll+0x617936]
V  [jvm.dll+0x628aaa]
V  [jvm.dll+0x6218ba]
V  [jvm.dll+0x1ca3f0]
V  [jvm.dll+0x1ca5df]
V  [jvm.dll+0x144711]
V  [jvm.dll+0x144555]
V  [jvm.dll+0x13bd99]
V  [jvm.dll+0x13e395]
V  [jvm.dll+0x13c674]
V  [jvm.dll+0x13664f]
V  [jvm.dll+0x146186]
V  [jvm.dll+0x131d40]
V  [jvm.dll+0x1320a0]
V  [jvm.dll+0x132366]
V  [jvm.dll+0x1317fa]
V  [jvm.dll+0x1334c1]
V  [jvm.dll+0x2249c8]
V  [jvm.dll+0x222b2c]
V  [jvm.dll+0x78650b]
V  [jvm.dll+0x780aca]
V  [jvm.dll+0x670045]
C  [ucrtbase.dll+0x26c0c]
C  [KERNEL32.DLL+0x154e0]
C  [ntdll.dll+0x485b]


---------------  P R O C E S S  ---------------

Threads class SMR info:
_java_thread_list=0x000002540ca0b950, length=19, elements={
0x000002540bb9c160, 0x000002540bb9cfd0, 0x000002540bbb8600, 0x000002540bbbb0c0,
0x000002540bbbca80, 0x000002540bbbd430, 0x000002540bbc0b10, 0x000002540c470080,
0x000002540c471190, 0x000002540bb82180, 0x000002540c5db6e0, 0x000002540c5dcf00,
0x000002540c5fa440, 0x000002540c6964b0, 0x000002540c830160, 0x000002540c832a50,
0x000002540c838f40, 0x000002540c83bb10, 0x0000025468a5e3d0
}

Java Threads: ( => current thread )
  0x000002540bb9c160 JavaThread "Reference Handler" daemon [_thread_blocked, id=2656, stack(0x0000008950a00000,0x0000008950b00000)]
  0x000002540bb9cfd0 JavaThread "Finalizer" daemon [_thread_blocked, id=13152, stack(0x0000008950b00000,0x0000008950c00000)]
  0x000002540bbb8600 JavaThread "Signal Dispatcher" daemon [_thread_blocked, id=15660, stack(0x0000008950c00000,0x0000008950d00000)]
  0x000002540bbbb0c0 JavaThread "Attach Listener" daemon [_thread_blocked, id=20200, stack(0x0000008950d00000,0x0000008950e00000)]
  0x000002540bbbca80 JavaThread "Service Thread" daemon [_thread_blocked, id=15344, stack(0x0000008950e00000,0x0000008950f00000)]
  0x000002540bbbd430 JavaThread "Monitor Deflation Thread" daemon [_thread_blocked, id=8828, stack(0x0000008950f00000,0x0000008951000000)]
  0x000002540bbc0b10 JavaThread "C2 CompilerThread0" daemon [_thread_blocked, id=12656, stack(0x0000008951000000,0x0000008951100000)]
=>0x000002540c470080 JavaThread "C1 CompilerThread0" daemon [_thread_in_vm, id=4116, stack(0x0000008951100000,0x0000008951200000)]
  0x000002540c471190 JavaThread "Sweeper thread" daemon [_thread_blocked, id=2176, stack(0x0000008951200000,0x0000008951300000)]
  0x000002540bb82180 JavaThread "Common-Cleaner" daemon [_thread_blocked, id=7504, stack(0x0000008951300000,0x0000008951400000)]
  0x000002540c5db6e0 JavaThread "JDWP Transport Listener: dt_socket" daemon [_thread_blocked, id=15204, stack(0x0000008951400000,0x0000008951500000)]
  0x000002540c5dcf00 JavaThread "JDWP Event Helper Thread" daemon [_thread_blocked, id=6360, stack(0x0000008951500000,0x0000008951600000)]
  0x000002540c5fa440 JavaThread "JDWP Command Reader" daemon [_thread_in_native, id=13220, stack(0x0000008951600000,0x0000008951700000)]
  0x000002540c6964b0 JavaThread "Notification Thread" daemon [_thread_blocked, id=15284, stack(0x0000008951700000,0x0000008951800000)]
  0x000002540c830160 JavaThread "Java2D Disposer" daemon [_thread_blocked, id=19564, stack(0x0000008951900000,0x0000008951a00000)]
  0x000002540c832a50 JavaThread "AWT-Shutdown" [_thread_blocked, id=9412, stack(0x0000008951a00000,0x0000008951b00000)]
  0x000002540c838f40 JavaThread "AWT-Windows" daemon [_thread_in_native, id=16804, stack(0x0000008951b00000,0x0000008951c00000)]
  0x000002540c83bb10 JavaThread "AWT-EventQueue-0" [_thread_blocked, id=7288, stack(0x0000008951c00000,0x0000008951d00000)]
  0x0000025468a5e3d0 JavaThread "DestroyJavaVM" [_thread_blocked, id=11620, stack(0x0000008950300000,0x0000008950400000)]

Other Threads:
  0x000002540bb96560 VMThread "VM Thread" [stack: 0x0000008950900000,0x0000008950a00000] [id=15188]
  0x0000025468af5340 WatcherThread [stack: 0x0000008951800000,0x0000008951900000] [id=2172]
  0x0000025468ac99b0 GCTaskThread "GC Thread#0" [stack: 0x0000008950400000,0x0000008950500000] [id=10028]
  0x0000025468ada670 ConcurrentGCThread "G1 Main Marker" [stack: 0x0000008950500000,0x0000008950600000] [id=1920]
  0x0000025468adb080 ConcurrentGCThread "G1 Conc#0" [stack: 0x0000008950600000,0x0000008950700000] [id=18404]
  0x0000025468b3de30 ConcurrentGCThread "G1 Refine#0" [stack: 0x0000008950700000,0x0000008950800000] [id=14668]
  0x0000025468b3e850 ConcurrentGCThread "G1 Service" [stack: 0x0000008950800000,0x0000008950900000] [id=1520]

Threads with active compile tasks:
C1 CompilerThread0    15829 1176       3       java.util.Formatter$FormatSpecifier::print (230 bytes)

VM state: not at safepoint (normal execution)

VM Mutex/Monitor currently owned by a thread:  ([mutex/lock_event])
[0x0000025468a58c70] Metaspace_lock - owner thread: 0x000002540c470080
[0x0000025468a5a340] MethodData_lock - owner thread: 0x000002540c470080

Heap address: 0x0000000702800000, size: 4056 MB, Compressed Oops mode: Zero based, Oop shift amount: 3

CDS archive(s) mapped at: [0x0000000800000000-0x0000000800bc0000-0x0000000800bc0000), size 12320768, SharedBaseAddress: 0x0000000800000000, ArchiveRelocationMode: 0.
Compressed class space mapped at: 0x0000000800c00000-0x0000000840c00000, reserved size: 1073741824
Narrow klass base: 0x0000000800000000, Narrow klass shift: 0, Narrow klass range: 0x100000000

GC Precious Log:
 CPUs: 12 total, 12 available
 Memory: 16221M
 Large Page Support: Disabled
 NUMA Support: Disabled
 Compressed Oops: Enabled (Zero based)
 Heap Region Size: 2M
 Heap Min Capacity: 8M
 Heap Initial Capacity: 254M
 Heap Max Capacity: 4056M
 Pre-touch: Disabled
 Parallel Workers: 10
 Concurrent Workers: 3
 Concurrent Refinement Workers: 10
 Periodic GC: Disabled

Heap:
 garbage-first heap   total 260096K, used 36864K [0x0000000702800000, 0x0000000800000000)
  region size 2048K, 9 young (18432K), 0 survivors (0K)
 Metaspace       used 7951K, committed 8128K, reserved 1056768K
  class space    used 873K, committed 960K, reserved 1048576K

Heap Regions: E=young(eden), S=young(survivor), O=old, HS=humongous(starts), HC=humongous(continues), CS=collection set, F=free, OA=open archive, CA=closed archive, TAMS=top-at-mark-start (previous, next)
|   0|0x0000000702800000, 0x0000000702a00000, 0x0000000702a00000|100%|HS|  |TAMS 0x0000000702800000, 0x0000000702800000| Complete 
|   1|0x0000000702a00000, 0x0000000702c00000, 0x0000000702c00000|100%|HC|  |TAMS 0x0000000702a00000, 0x0000000702a00000| Complete 
|   2|0x0000000702c00000, 0x0000000702e00000, 0x0000000702e00000|100%|HS|  |TAMS 0x0000000702c00000, 0x0000000702c00000| Complete 
|   3|0x0000000702e00000, 0x0000000703000000, 0x0000000703000000|100%|HC|  |TAMS 0x0000000702e00000, 0x0000000702e00000| Complete 
|   4|0x0000000703000000, 0x0000000703200000, 0x0000000703200000|100%|HS|  |TAMS 0x0000000703000000, 0x0000000703000000| Complete 
|   5|0x0000000703200000, 0x0000000703400000, 0x0000000703400000|100%|HC|  |TAMS 0x0000000703200000, 0x0000000703200000| Complete 
|   6|0x0000000703400000, 0x0000000703600000, 0x0000000703600000|100%|HS|  |TAMS 0x0000000703400000, 0x0000000703400000| Complete 
|   7|0x0000000703600000, 0x0000000703800000, 0x0000000703800000|100%|HC|  |TAMS 0x0000000703600000, 0x0000000703600000| Complete 
|   8|0x0000000703800000, 0x0000000703a00000, 0x0000000703a00000|100%|HS|  |TAMS 0x0000000703800000, 0x0000000703800000| Complete 
|   9|0x0000000703a00000, 0x0000000703c00000, 0x0000000703c00000|100%|HC|  |TAMS 0x0000000703a00000, 0x0000000703a00000| Complete 
|  10|0x0000000703c00000, 0x0000000703c00000, 0x0000000703e00000|  0%| F|  |TAMS 0x0000000703c00000, 0x0000000703c00000| Untracked 
|  11|0x0000000703e00000, 0x0000000703e00000, 0x0000000704000000|  0%| F|  |TAMS 0x0000000703e00000, 0x0000000703e00000| Untracked 
|  12|0x0000000704000000, 0x0000000704000000, 0x0000000704200000|  0%| F|  |TAMS 0x0000000704000000, 0x0000000704000000| Untracked 
|  13|0x0000000704200000, 0x0000000704200000, 0x0000000704400000|  0%| F|  |TAMS 0x0000000704200000, 0x0000000704200000| Untracked 
|  14|0x0000000704400000, 0x0000000704400000, 0x0000000704600000|  0%| F|  |TAMS 0x0000000704400000, 0x0000000704400000| Untracked 
|  15|0x0000000704600000, 0x0000000704600000, 0x0000000704800000|  0%| F|  |TAMS 0x0000000704600000, 0x0000000704600000| Untracked 
|  16|0x0000000704800000, 0x0000000704800000, 0x0000000704a00000|  0%| F|  |TAMS 0x0000000704800000, 0x0000000704800000| Untracked 
|  17|0x0000000704a00000, 0x0000000704a00000, 0x0000000704c00000|  0%| F|  |TAMS 0x0000000704a00000, 0x0000000704a00000| Untracked 
|  18|0x0000000704c00000, 0x0000000704c00000, 0x0000000704e00000|  0%| F|  |TAMS 0x0000000704c00000, 0x0000000704c00000| Untracked 
|  19|0x0000000704e00000, 0x0000000704e00000, 0x0000000705000000|  0%| F|  |TAMS 0x0000000704e00000, 0x0000000704e00000| Untracked 
|  20|0x0000000705000000, 0x0000000705000000, 0x0000000705200000|  0%| F|  |TAMS 0x0000000705000000, 0x0000000705000000| Untracked 
|  21|0x0000000705200000, 0x0000000705200000, 0x0000000705400000|  0%| F|  |TAMS 0x0000000705200000, 0x0000000705200000| Untracked 
|  22|0x0000000705400000, 0x0000000705400000, 0x0000000705600000|  0%| F|  |TAMS 0x0000000705400000, 0x0000000705400000| Untracked 
|  23|0x0000000705600000, 0x0000000705600000, 0x0000000705800000|  0%| F|  |TAMS 0x0000000705600000, 0x0000000705600000| Untracked 
|  24|0x0000000705800000, 0x0000000705800000, 0x0000000705a00000|  0%| F|  |TAMS 0x0000000705800000, 0x0000000705800000| Untracked 
|  25|0x0000000705a00000, 0x0000000705a00000, 0x0000000705c00000|  0%| F|  |TAMS 0x0000000705a00000, 0x0000000705a00000| Untracked 
|  26|0x0000000705c00000, 0x0000000705c00000, 0x0000000705e00000|  0%| F|  |TAMS 0x0000000705c00000, 0x0000000705c00000| Untracked 
|  27|0x0000000705e00000, 0x0000000705e00000, 0x0000000706000000|  0%| F|  |TAMS 0x0000000705e00000, 0x0000000705e00000| Untracked 
|  28|0x0000000706000000, 0x0000000706000000, 0x0000000706200000|  0%| F|  |TAMS 0x0000000706000000, 0x0000000706000000| Untracked 
|  29|0x0000000706200000, 0x0000000706200000, 0x0000000706400000|  0%| F|  |TAMS 0x0000000706200000, 0x0000000706200000| Untracked 
|  30|0x0000000706400000, 0x0000000706400000, 0x0000000706600000|  0%| F|  |TAMS 0x0000000706400000, 0x0000000706400000| Untracked 
|  31|0x0000000706600000, 0x0000000706600000, 0x0000000706800000|  0%| F|  |TAMS 0x0000000706600000, 0x0000000706600000| Untracked 
|  32|0x0000000706800000, 0x0000000706800000, 0x0000000706a00000|  0%| F|  |TAMS 0x0000000706800000, 0x0000000706800000| Untracked 
|  33|0x0000000706a00000, 0x0000000706a00000, 0x0000000706c00000|  0%| F|  |TAMS 0x0000000706a00000, 0x0000000706a00000| Untracked 
|  34|0x0000000706c00000, 0x0000000706c00000, 0x0000000706e00000|  0%| F|  |TAMS 0x0000000706c00000, 0x0000000706c00000| Untracked 
|  35|0x0000000706e00000, 0x0000000706e00000, 0x0000000707000000|  0%| F|  |TAMS 0x0000000706e00000, 0x0000000706e00000| Untracked 
|  36|0x0000000707000000, 0x0000000707000000, 0x0000000707200000|  0%| F|  |TAMS 0x0000000707000000, 0x0000000707000000| Untracked 
|  37|0x0000000707200000, 0x0000000707200000, 0x0000000707400000|  0%| F|  |TAMS 0x0000000707200000, 0x0000000707200000| Untracked 
|  38|0x0000000707400000, 0x0000000707400000, 0x0000000707600000|  0%| F|  |TAMS 0x0000000707400000, 0x0000000707400000| Untracked 
|  39|0x0000000707600000, 0x0000000707600000, 0x0000000707800000|  0%| F|  |TAMS 0x0000000707600000, 0x0000000707600000| Untracked 
|  40|0x0000000707800000, 0x0000000707800000, 0x0000000707a00000|  0%| F|  |TAMS 0x0000000707800000, 0x0000000707800000| Untracked 
|  41|0x0000000707a00000, 0x0000000707a00000, 0x0000000707c00000|  0%| F|  |TAMS 0x0000000707a00000, 0x0000000707a00000| Untracked 
|  42|0x0000000707c00000, 0x0000000707c00000, 0x0000000707e00000|  0%| F|  |TAMS 0x0000000707c00000, 0x0000000707c00000| Untracked 
|  43|0x0000000707e00000, 0x0000000707e00000, 0x0000000708000000|  0%| F|  |TAMS 0x0000000707e00000, 0x0000000707e00000| Untracked 
|  44|0x0000000708000000, 0x0000000708000000, 0x0000000708200000|  0%| F|  |TAMS 0x0000000708000000, 0x0000000708000000| Untracked 
|  45|0x0000000708200000, 0x0000000708200000, 0x0000000708400000|  0%| F|  |TAMS 0x0000000708200000, 0x0000000708200000| Untracked 
|  46|0x0000000708400000, 0x0000000708400000, 0x0000000708600000|  0%| F|  |TAMS 0x0000000708400000, 0x0000000708400000| Untracked 
|  47|0x0000000708600000, 0x0000000708600000, 0x0000000708800000|  0%| F|  |TAMS 0x0000000708600000, 0x0000000708600000| Untracked 
|  48|0x0000000708800000, 0x0000000708800000, 0x0000000708a00000|  0%| F|  |TAMS 0x0000000708800000, 0x0000000708800000| Untracked 
|  49|0x0000000708a00000, 0x0000000708a00000, 0x0000000708c00000|  0%| F|  |TAMS 0x0000000708a00000, 0x0000000708a00000| Untracked 
|  50|0x0000000708c00000, 0x0000000708c00000, 0x0000000708e00000|  0%| F|  |TAMS 0x0000000708c00000, 0x0000000708c00000| Untracked 
|  51|0x0000000708e00000, 0x0000000708e00000, 0x0000000709000000|  0%| F|  |TAMS 0x0000000708e00000, 0x0000000708e00000| Untracked 
|  52|0x0000000709000000, 0x0000000709000000, 0x0000000709200000|  0%| F|  |TAMS 0x0000000709000000, 0x0000000709000000| Untracked 
|  53|0x0000000709200000, 0x0000000709200000, 0x0000000709400000|  0%| F|  |TAMS 0x0000000709200000, 0x0000000709200000| Untracked 
|  54|0x0000000709400000, 0x0000000709400000, 0x0000000709600000|  0%| F|  |TAMS 0x0000000709400000, 0x0000000709400000| Untracked 
|  55|0x0000000709600000, 0x0000000709600000, 0x0000000709800000|  0%| F|  |TAMS 0x0000000709600000, 0x0000000709600000| Untracked 
|  56|0x0000000709800000, 0x0000000709800000, 0x0000000709a00000|  0%| F|  |TAMS 0x0000000709800000, 0x0000000709800000| Untracked 
|  57|0x0000000709a00000, 0x0000000709a00000, 0x0000000709c00000|  0%| F|  |TAMS 0x0000000709a00000, 0x0000000709a00000| Untracked 
|  58|0x0000000709c00000, 0x0000000709c00000, 0x0000000709e00000|  0%| F|  |TAMS 0x0000000709c00000, 0x0000000709c00000| Untracked 
|  59|0x0000000709e00000, 0x0000000709e00000, 0x000000070a000000|  0%| F|  |TAMS 0x0000000709e00000, 0x0000000709e00000| Untracked 
|  60|0x000000070a000000, 0x000000070a000000, 0x000000070a200000|  0%| F|  |TAMS 0x000000070a000000, 0x000000070a000000| Untracked 
|  61|0x000000070a200000, 0x000000070a200000, 0x000000070a400000|  0%| F|  |TAMS 0x000000070a200000, 0x000000070a200000| Untracked 
|  62|0x000000070a400000, 0x000000070a400000, 0x000000070a600000|  0%| F|  |TAMS 0x000000070a400000, 0x000000070a400000| Untracked 
|  63|0x000000070a600000, 0x000000070a600000, 0x000000070a800000|  0%| F|  |TAMS 0x000000070a600000, 0x000000070a600000| Untracked 
|  64|0x000000070a800000, 0x000000070a800000, 0x000000070aa00000|  0%| F|  |TAMS 0x000000070a800000, 0x000000070a800000| Untracked 
|  65|0x000000070aa00000, 0x000000070aa00000, 0x000000070ac00000|  0%| F|  |TAMS 0x000000070aa00000, 0x000000070aa00000| Untracked 
|  66|0x000000070ac00000, 0x000000070ac00000, 0x000000070ae00000|  0%| F|  |TAMS 0x000000070ac00000, 0x000000070ac00000| Untracked 
|  67|0x000000070ae00000, 0x000000070ae00000, 0x000000070b000000|  0%| F|  |TAMS 0x000000070ae00000, 0x000000070ae00000| Untracked 
|  68|0x000000070b000000, 0x000000070b000000, 0x000000070b200000|  0%| F|  |TAMS 0x000000070b000000, 0x000000070b000000| Untracked 
|  69|0x000000070b200000, 0x000000070b200000, 0x000000070b400000|  0%| F|  |TAMS 0x000000070b200000, 0x000000070b200000| Untracked 
|  70|0x000000070b400000, 0x000000070b400000, 0x000000070b600000|  0%| F|  |TAMS 0x000000070b400000, 0x000000070b400000| Untracked 
|  71|0x000000070b600000, 0x000000070b600000, 0x000000070b800000|  0%| F|  |TAMS 0x000000070b600000, 0x000000070b600000| Untracked 
|  72|0x000000070b800000, 0x000000070b800000, 0x000000070ba00000|  0%| F|  |TAMS 0x000000070b800000, 0x000000070b800000| Untracked 
|  73|0x000000070ba00000, 0x000000070ba00000, 0x000000070bc00000|  0%| F|  |TAMS 0x000000070ba00000, 0x000000070ba00000| Untracked 
|  74|0x000000070bc00000, 0x000000070bc00000, 0x000000070be00000|  0%| F|  |TAMS 0x000000070bc00000, 0x000000070bc00000| Untracked 
|  75|0x000000070be00000, 0x000000070be00000, 0x000000070c000000|  0%| F|  |TAMS 0x000000070be00000, 0x000000070be00000| Untracked 
|  76|0x000000070c000000, 0x000000070c000000, 0x000000070c200000|  0%| F|  |TAMS 0x000000070c000000, 0x000000070c000000| Untracked 
|  77|0x000000070c200000, 0x000000070c200000, 0x000000070c400000|  0%| F|  |TAMS 0x000000070c200000, 0x000000070c200000| Untracked 
|  78|0x000000070c400000, 0x000000070c400000, 0x000000070c600000|  0%| F|  |TAMS 0x000000070c400000, 0x000000070c400000| Untracked 
|  79|0x000000070c600000, 0x000000070c600000, 0x000000070c800000|  0%| F|  |TAMS 0x000000070c600000, 0x000000070c600000| Untracked 
|  80|0x000000070c800000, 0x000000070c800000, 0x000000070ca00000|  0%| F|  |TAMS 0x000000070c800000, 0x000000070c800000| Untracked 
|  81|0x000000070ca00000, 0x000000070ca00000, 0x000000070cc00000|  0%| F|  |TAMS 0x000000070ca00000, 0x000000070ca00000| Untracked 
|  82|0x000000070cc00000, 0x000000070cc00000, 0x000000070ce00000|  0%| F|  |TAMS 0x000000070cc00000, 0x000000070cc00000| Untracked 
|  83|0x000000070ce00000, 0x000000070ce00000, 0x000000070d000000|  0%| F|  |TAMS 0x000000070ce00000, 0x000000070ce00000| Untracked 
|  84|0x000000070d000000, 0x000000070d000000, 0x000000070d200000|  0%| F|  |TAMS 0x000000070d000000, 0x000000070d000000| Untracked 
|  85|0x000000070d200000, 0x000000070d200000, 0x000000070d400000|  0%| F|  |TAMS 0x000000070d200000, 0x000000070d200000| Untracked 
|  86|0x000000070d400000, 0x000000070d400000, 0x000000070d600000|  0%| F|  |TAMS 0x000000070d400000, 0x000000070d400000| Untracked 
|  87|0x000000070d600000, 0x000000070d600000, 0x000000070d800000|  0%| F|  |TAMS 0x000000070d600000, 0x000000070d600000| Untracked 
|  88|0x000000070d800000, 0x000000070d800000, 0x000000070da00000|  0%| F|  |TAMS 0x000000070d800000, 0x000000070d800000| Untracked 
|  89|0x000000070da00000, 0x000000070da00000, 0x000000070dc00000|  0%| F|  |TAMS 0x000000070da00000, 0x000000070da00000| Untracked 
|  90|0x000000070dc00000, 0x000000070dc00000, 0x000000070de00000|  0%| F|  |TAMS 0x000000070dc00000, 0x000000070dc00000| Untracked 
|  91|0x000000070de00000, 0x000000070de00000, 0x000000070e000000|  0%| F|  |TAMS 0x000000070de00000, 0x000000070de00000| Untracked 
|  92|0x000000070e000000, 0x000000070e000000, 0x000000070e200000|  0%| F|  |TAMS 0x000000070e000000, 0x000000070e000000| Untracked 
|  93|0x000000070e200000, 0x000000070e200000, 0x000000070e400000|  0%| F|  |TAMS 0x000000070e200000, 0x000000070e200000| Untracked 
|  94|0x000000070e400000, 0x000000070e400000, 0x000000070e600000|  0%| F|  |TAMS 0x000000070e400000, 0x000000070e400000| Untracked 
|  95|0x000000070e600000, 0x000000070e600000, 0x000000070e800000|  0%| F|  |TAMS 0x000000070e600000, 0x000000070e600000| Untracked 
|  96|0x000000070e800000, 0x000000070e800000, 0x000000070ea00000|  0%| F|  |TAMS 0x000000070e800000, 0x000000070e800000| Untracked 
|  97|0x000000070ea00000, 0x000000070ea00000, 0x000000070ec00000|  0%| F|  |TAMS 0x000000070ea00000, 0x000000070ea00000| Untracked 
|  98|0x000000070ec00000, 0x000000070ec00000, 0x000000070ee00000|  0%| F|  |TAMS 0x000000070ec00000, 0x000000070ec00000| Untracked 
|  99|0x000000070ee00000, 0x000000070ee00000, 0x000000070f000000|  0%| F|  |TAMS 0x000000070ee00000, 0x000000070ee00000| Untracked 
| 100|0x000000070f000000, 0x000000070f000000, 0x000000070f200000|  0%| F|  |TAMS 0x000000070f000000, 0x000000070f000000| Untracked 
| 101|0x000000070f200000, 0x000000070f200000, 0x000000070f400000|  0%| F|  |TAMS 0x000000070f200000, 0x000000070f200000| Untracked 
| 102|0x000000070f400000, 0x000000070f400000, 0x000000070f600000|  0%| F|  |TAMS 0x000000070f400000, 0x000000070f400000| Untracked 
| 103|0x000000070f600000, 0x000000070f600000, 0x000000070f800000|  0%| F|  |TAMS 0x000000070f600000, 0x000000070f600000| Untracked 
| 104|0x000000070f800000, 0x000000070f800000, 0x000000070fa00000|  0%| F|  |TAMS 0x000000070f800000, 0x000000070f800000| Untracked 
| 105|0x000000070fa00000, 0x000000070fa00000, 0x000000070fc00000|  0%| F|  |TAMS 0x000000070fa00000, 0x000000070fa00000| Untracked 
| 106|0x000000070fc00000, 0x000000070fc00000, 0x000000070fe00000|  0%| F|  |TAMS 0x000000070fc00000, 0x000000070fc00000| Untracked 
| 107|0x000000070fe00000, 0x000000070fe00000, 0x0000000710000000|  0%| F|  |TAMS 0x000000070fe00000, 0x000000070fe00000| Untracked 
| 108|0x0000000710000000, 0x0000000710000000, 0x0000000710200000|  0%| F|  |TAMS 0x0000000710000000, 0x0000000710000000| Untracked 
| 109|0x0000000710200000, 0x0000000710200000, 0x0000000710400000|  0%| F|  |TAMS 0x0000000710200000, 0x0000000710200000| Untracked 
| 110|0x0000000710400000, 0x0000000710400000, 0x0000000710600000|  0%| F|  |TAMS 0x0000000710400000, 0x0000000710400000| Untracked 
| 111|0x0000000710600000, 0x0000000710600000, 0x0000000710800000|  0%| F|  |TAMS 0x0000000710600000, 0x0000000710600000| Untracked 
| 112|0x0000000710800000, 0x0000000710800000, 0x0000000710a00000|  0%| F|  |TAMS 0x0000000710800000, 0x0000000710800000| Untracked 
| 113|0x0000000710a00000, 0x0000000710a00000, 0x0000000710c00000|  0%| F|  |TAMS 0x0000000710a00000, 0x0000000710a00000| Untracked 
| 114|0x0000000710c00000, 0x0000000710c00000, 0x0000000710e00000|  0%| F|  |TAMS 0x0000000710c00000, 0x0000000710c00000| Untracked 
| 115|0x0000000710e00000, 0x0000000710e00000, 0x0000000711000000|  0%| F|  |TAMS 0x0000000710e00000, 0x0000000710e00000| Untracked 
| 116|0x0000000711000000, 0x0000000711000000, 0x0000000711200000|  0%| F|  |TAMS 0x0000000711000000, 0x0000000711000000| Untracked 
| 117|0x0000000711200000, 0x0000000711200000, 0x0000000711400000|  0%| F|  |TAMS 0x0000000711200000, 0x0000000711200000| Untracked 
| 118|0x0000000711400000, 0x0000000711600000, 0x0000000711600000|100%| E|  |TAMS 0x0000000711400000, 0x0000000711400000| Complete 
| 119|0x0000000711600000, 0x0000000711800000, 0x0000000711800000|100%| E|CS|TAMS 0x0000000711600000, 0x0000000711600000| Complete 
| 120|0x0000000711800000, 0x0000000711a00000, 0x0000000711a00000|100%| E|CS|TAMS 0x0000000711800000, 0x0000000711800000| Complete 
| 121|0x0000000711a00000, 0x0000000711c00000, 0x0000000711c00000|100%| E|CS|TAMS 0x0000000711a00000, 0x0000000711a00000| Complete 
| 122|0x0000000711c00000, 0x0000000711e00000, 0x0000000711e00000|100%| E|CS|TAMS 0x0000000711c00000, 0x0000000711c00000| Complete 
| 123|0x0000000711e00000, 0x0000000712000000, 0x0000000712000000|100%| E|CS|TAMS 0x0000000711e00000, 0x0000000711e00000| Complete 
| 124|0x0000000712000000, 0x0000000712200000, 0x0000000712200000|100%| E|CS|TAMS 0x0000000712000000, 0x0000000712000000| Complete 
| 125|0x0000000712200000, 0x0000000712400000, 0x0000000712400000|100%| E|CS|TAMS 0x0000000712200000, 0x0000000712200000| Complete 
| 126|0x0000000712400000, 0x0000000712600000, 0x0000000712600000|100%| E|CS|TAMS 0x0000000712400000, 0x0000000712400000| Complete 

Card table byte_map: [0x00000254007f0000,0x0000025400fe0000] _byte_map_base: 0x00000253fcfdc000

Marking Bits (Prev, Next): (CMBitMap*) 0x0000025468ac9fc0, (CMBitMap*) 0x0000025468aca000
 Prev Bits: [0x00000254017d0000, 0x0000025405730000)
 Next Bits: [0x0000025405730000, 0x0000025409690000)

Polling page: 0x0000025466a70000

Metaspace:

Usage:
  Non-class:      6.91 MB used.
      Class:    873.23 KB used.
       Both:      7.77 MB used.

Virtual space:
  Non-class space:        8.00 MB reserved,       7.00 MB ( 88%) committed,  1 nodes.
      Class space:        1.00 GB reserved,     960.00 KB ( <1%) committed,  1 nodes.
             Both:        1.01 GB reserved,       7.94 MB ( <1%) committed. 

Chunk freelists:
   Non-Class:  1007.00 KB
       Class:  3.07 MB
        Both:  4.06 MB

MaxMetaspaceSize: unlimited
CompressedClassSpaceSize: 1.00 GB
Initial GC threshold: 21.00 MB
Current GC threshold: 21.00 MB
CDS: on
MetaspaceReclaimPolicy: balanced
 - commit_granule_bytes: 65536.
 - commit_granule_words: 8192.
 - virtual_space_node_default_size: 1048576.
 - enlarge_chunks_in_place: 1.
 - new_chunks_are_fully_committed: 0.
 - uncommit_free_chunks: 1.
 - use_allocation_guard: 0.
 - handle_deallocations: 1.


Internal statistics:

num_allocs_failed_limit: 0.
num_arena_births: 110.
num_arena_deaths: 0.
num_vsnodes_births: 2.
num_vsnodes_deaths: 0.
num_space_committed: 127.
num_space_uncommitted: 0.
num_chunks_returned_to_freelist: 0.
num_chunks_taken_from_freelist: 167.
num_chunk_merges: 0.
num_chunk_splits: 100.
num_chunks_enlarged: 54.
num_purges: 0.
num_inconsistent_stats: 0.

CodeHeap 'non-profiled nmethods': size=120000Kb used=333Kb max_used=333Kb free=119666Kb
 bounds [0x0000025477db0000, 0x0000025478020000, 0x000002547f2e0000]
CodeHeap 'profiled nmethods': size=120000Kb used=1721Kb max_used=1721Kb free=118278Kb
 bounds [0x0000025470880000, 0x0000025470af0000, 0x0000025477db0000]
CodeHeap 'non-nmethods': size=5760Kb used=1330Kb max_used=1353Kb free=4430Kb
 bounds [0x00000254702e0000, 0x0000025470550000, 0x0000025470880000]
 total_blobs=1760 nmethods=1176 adapters=497
 compilation: enabled
              stopped_count=0, restarted_count=0
 full_count=0

Compilation events (20 events):
Event: 15.777 Thread 0x000002540c470080 nmethod 1167 0x0000025470a2b290 code [0x0000025470a2b440, 0x0000025470a2b728]
Event: 15.777 Thread 0x000002540c470080 1168       3       java.awt.Rectangle::getWidth (6 bytes)
Event: 15.777 Thread 0x000002540c470080 nmethod 1168 0x0000025470a2b810 code [0x0000025470a2b9a0, 0x0000025470a2bab8]
Event: 15.777 Thread 0x000002540c470080 1169       3       java.awt.Rectangle::getHeight (6 bytes)
Event: 15.777 Thread 0x000002540c470080 nmethod 1169 0x0000025470a2bb90 code [0x0000025470a2bd20, 0x0000025470a2be38]
Event: 15.778 Thread 0x000002540c470080 1170       3       java.util.Formatter$FormatSpecifier::<init> (77 bytes)
Event: 15.778 Thread 0x000002540c470080 nmethod 1170 0x0000025470a2bf10 code [0x0000025470a2c120, 0x0000025470a2c8f8]
Event: 15.778 Thread 0x000002540c470080 1182       3       java.lang.Long::stringSize (55 bytes)
Event: 15.778 Thread 0x000002540c470080 nmethod 1182 0x0000025470a2cb90 code [0x0000025470a2cd40, 0x0000025470a2cfd8]
Event: 15.778 Thread 0x000002540c470080 1171       3       java.lang.Character::isUpperCase (5 bytes)
Event: 15.778 Thread 0x000002540c470080 nmethod 1171 0x0000025470a2d090 code [0x0000025470a2d240, 0x0000025470a2d498]
Event: 15.778 Thread 0x000002540c470080 1172       3       java.lang.Character::isUpperCase (9 bytes)
Event: 15.778 Thread 0x000002540c470080 nmethod 1172 0x0000025470a2d590 code [0x0000025470a2d740, 0x0000025470a2d938]
Event: 15.778 Thread 0x000002540c470080 1173       3       java.lang.CharacterDataLatin1::isUpperCase (16 bytes)
Event: 15.779 Thread 0x000002540c470080 nmethod 1173 0x0000025470a2da10 code [0x0000025470a2dbc0, 0x0000025470a2ddd8]
Event: 15.779 Thread 0x000002540c470080 1174       3       java.lang.CharacterDataLatin1::getPropertiesEx (11 bytes)
Event: 15.779 Thread 0x000002540c470080 nmethod 1174 0x0000025470a2df10 code [0x0000025470a2e0a0, 0x0000025470a2e1f8]
Event: 15.779 Thread 0x000002540c470080 1175       3       java.util.Formatter$Conversion::isText (34 bytes)
Event: 15.779 Thread 0x000002540c470080 nmethod 1175 0x0000025470a2e310 code [0x0000025470a2e4a0, 0x0000025470a2e618]
Event: 15.779 Thread 0x000002540c470080 1176       3       java.util.Formatter$FormatSpecifier::print (230 bytes)

GC Heap History (0 events):
No events

Deoptimization events (20 events):
Event: 0.473 Thread 0x000002540c83bb10 Uncommon trap: trap_request=0xffffffde fr.pc=0x0000025477debf74 relative=0x0000000000000434
Event: 0.473 Thread 0x000002540c83bb10 Uncommon trap: reason=class_check action=maybe_recompile pc=0x0000025477debf74 method=java.util.HashMap.getNode(Ljava/lang/Object;)Ljava/util/HashMap$Node; @ 63 c2
Event: 0.473 Thread 0x000002540c83bb10 DEOPT PACKING pc=0x0000025477debf74 sp=0x0000008951cfd580
Event: 0.473 Thread 0x000002540c83bb10 DEOPT UNPACKING pc=0x00000254703323a3 sp=0x0000008951cfd508 mode 2
Event: 0.473 Thread 0x000002540c83bb10 Uncommon trap: trap_request=0xffffffde fr.pc=0x0000025477debf74 relative=0x0000000000000434
Event: 0.473 Thread 0x000002540c83bb10 Uncommon trap: reason=class_check action=maybe_recompile pc=0x0000025477debf74 method=java.util.HashMap.getNode(Ljava/lang/Object;)Ljava/util/HashMap$Node; @ 63 c2
Event: 0.473 Thread 0x000002540c83bb10 DEOPT PACKING pc=0x0000025477debf74 sp=0x0000008951cfd470
Event: 0.473 Thread 0x000002540c83bb10 DEOPT UNPACKING pc=0x00000254703323a3 sp=0x0000008951cfd3f8 mode 2
Event: 0.474 Thread 0x000002540c83bb10 Uncommon trap: trap_request=0xffffffde fr.pc=0x0000025477debf74 relative=0x0000000000000434
Event: 0.474 Thread 0x000002540c83bb10 Uncommon trap: reason=class_check action=maybe_recompile pc=0x0000025477debf74 method=java.util.HashMap.getNode(Ljava/lang/Object;)Ljava/util/HashMap$Node; @ 63 c2
Event: 0.474 Thread 0x000002540c83bb10 DEOPT PACKING pc=0x0000025477debf74 sp=0x0000008951cfd580
Event: 0.474 Thread 0x000002540c83bb10 DEOPT UNPACKING pc=0x00000254703323a3 sp=0x0000008951cfd508 mode 2
Event: 0.493 Thread 0x000002540c83bb10 Uncommon trap: trap_request=0xffffff45 fr.pc=0x0000025477dd699c relative=0x000000000000009c
Event: 0.493 Thread 0x000002540c83bb10 Uncommon trap: reason=unstable_if action=reinterpret pc=0x0000025477dd699c method=java.util.HashMap.hash(Ljava/lang/Object;)I @ 1 c2
Event: 0.493 Thread 0x000002540c83bb10 DEOPT PACKING pc=0x0000025477dd699c sp=0x0000008951cfd3e0
Event: 0.493 Thread 0x000002540c83bb10 DEOPT UNPACKING pc=0x00000254703323a3 sp=0x0000008951cfd378 mode 2
Event: 0.493 Thread 0x000002540c83bb10 DEOPT PACKING pc=0x00000254709c49e7 sp=0x0000008951cfd850
Event: 0.493 Thread 0x000002540c83bb10 DEOPT UNPACKING pc=0x0000025470332b43 sp=0x0000008951cfcce8 mode 0
Event: 0.493 Thread 0x000002540c83bb10 DEOPT PACKING pc=0x00000254709c49e7 sp=0x0000008951cfd9d0
Event: 0.493 Thread 0x000002540c83bb10 DEOPT UNPACKING pc=0x0000025470332b43 sp=0x0000008951cfce68 mode 0

Classes unloaded (0 events):
No events

Classes redefined (0 events):
No events

Internal exceptions (13 events):
Event: 0.112 Thread 0x0000025468a5e3d0 Exception <a 'java/lang/ClassNotFoundException'{0x00000007123ab730}: sun/awt/resources/spi/awtProvider> (0x00000007123ab730) 
thrown [t:\workspace\open\src\hotspot\share\classfile\systemDictionary.cpp, line 256]
Event: 0.133 Thread 0x0000025468a5e3d0 Exception <a 'java/io/FileNotFoundException'{0x0000000712049cd8}> (0x0000000712049cd8) 
thrown [t:\workspace\open\src\hotspot\share\prims\jni.cpp, line 516]
Event: 0.139 Thread 0x0000025468a5e3d0 Exception <a 'java/io/FileNotFoundException'{0x0000000712079100}> (0x0000000712079100) 
thrown [t:\workspace\open\src\hotspot\share\prims\jni.cpp, line 516]
Event: 0.166 Thread 0x0000025468a5e3d0 Exception <a 'java/lang/NoSuchMethodError'{0x00000007121c3748}: 'java.lang.Object java.lang.invoke.DirectMethodHandle$Holder.invokeStaticInit(java.lang.Object)'> (0x00000007121c3748) 
thrown [t:\workspace\open\src\hotspot\share\interpreter\linkResolver.cpp, line 766]
Event: 0.234 Thread 0x000002540c83bb10 Exception <a 'java/lang/NoSuchMethodError'{0x0000000711cb1388}: 'void java.lang.invoke.DirectMethodHandle$Holder.invokeSpecial(java.lang.Object, java.lang.Object, java.lang.Object)'> (0x0000000711cb1388) 
thrown [t:\workspace\open\src\hotspot\share\interpreter\linkResolver.cpp, line 766]
Event: 0.241 Thread 0x000002540c83bb10 Exception <a 'java/lang/NoSuchMethodError'{0x0000000711d02060}: 'java.lang.Object java.lang.invoke.DirectMethodHandle$Holder.newInvokeSpecial(java.lang.Object, java.lang.Object, java.lang.Object, java.lang.Object, java.lang.Object)'> (0x0000000711d02060) 
thrown [t:\workspace\open\src\hotspot\share\interpreter\linkResolver.cpp, line 766]
Event: 0.242 Thread 0x000002540c83bb10 Exception <a 'java/lang/NoSuchMethodError'{0x0000000711d0da28}: 'java.lang.Object java.lang.invoke.DirectMethodHandle$Holder.invokeStatic(java.lang.Object, int, java.lang.Object, java.lang.Object, java.lang.Object, java.lang.Object)'> (0x0000000711d0da28) 
thrown [t:\workspace\open\src\hotspot\share\interpreter\linkResolver.cpp, line 766]
Event: 0.247 Thread 0x000002540c83bb10 Exception <a 'java/lang/NoSuchMethodError'{0x0000000711d33848}: 'java.lang.Object java.lang.invoke.DirectMethodHandle$Holder.invokeStatic(java.lang.Object, int, java.lang.Object)'> (0x0000000711d33848) 
thrown [t:\workspace\open\src\hotspot\share\interpreter\linkResolver.cpp, line 766]
Event: 0.271 Thread 0x000002540c83bb10 Exception <a 'java/lang/ClassNotFoundException'{0x0000000711dfa070}: com/sun/swing/internal/plaf/metal/resources/spi/metalProvider> (0x0000000711dfa070) 
thrown [t:\workspace\open\src\hotspot\share\classfile\systemDictionary.cpp, line 256]
Event: 0.272 Thread 0x000002540c83bb10 Exception <a 'java/lang/ClassNotFoundException'{0x0000000711a036e8}: com/sun/swing/internal/plaf/basic/resources/spi/basicProvider> (0x0000000711a036e8) 
thrown [t:\workspace\open\src\hotspot\share\classfile\systemDictionary.cpp, line 256]
Event: 0.363 Thread 0x000002540c83bb10 Exception <a 'java/lang/NoSuchMethodError'{0x00000007116f5850}: 'void java.lang.invoke.DirectMethodHandle$Holder.invokeStaticInit(java.lang.Object)'> (0x00000007116f5850) 
thrown [t:\workspace\open\src\hotspot\share\interpreter\linkResolver.cpp, line 766]
Event: 0.404 Thread 0x000002540c838f40 Exception <a 'java/lang/NoSuchMethodError'{0x0000000711e187d0}: 'void java.lang.invoke.DirectMethodHandle$Holder.invokeVirtual(java.lang.Object, java.lang.Object)'> (0x0000000711e187d0) 
thrown [t:\workspace\open\src\hotspot\share\interpreter\linkResolver.cpp, line 766]
Event: 0.493 Thread 0x000002540c83bb10 Implicit null exception at 0x0000025477dd690f to 0x0000025477dd698d

VM Operations (20 events):
Event: 0.066 Executing VM operation: ChangeBreakpoints
Event: 0.066 Executing VM operation: ChangeBreakpoints done
Event: 0.076 Executing VM operation: ChangeBreakpoints
Event: 0.076 Executing VM operation: ChangeBreakpoints done
Event: 0.077 Executing VM operation: ChangeBreakpoints
Event: 0.077 Executing VM operation: ChangeBreakpoints done
Event: 0.282 Executing VM operation: HandshakeAllThreads
Event: 0.282 Executing VM operation: HandshakeAllThreads done
Event: 0.372 Executing VM operation: HandshakeAllThreads
Event: 0.372 Executing VM operation: HandshakeAllThreads done
Event: 0.380 Executing VM operation: HandshakeAllThreads
Event: 0.380 Executing VM operation: HandshakeAllThreads done
Event: 0.494 Executing VM operation: HandshakeAllThreads
Event: 0.494 Executing VM operation: HandshakeAllThreads done
Event: 0.507 Executing VM operation: HandshakeAllThreads
Event: 0.507 Executing VM operation: HandshakeAllThreads done
Event: 1.513 Executing VM operation: Cleanup
Event: 1.513 Executing VM operation: Cleanup done
Event: 15.640 Executing VM operation: Cleanup
Event: 15.640 Executing VM operation: Cleanup done

Events (20 events):
Event: 0.507 loading class java/awt/TextComponent done
Event: 0.507 loading class javax/swing/text/JTextComponent
Event: 0.507 loading class javax/swing/Scrollable
Event: 0.507 loading class javax/swing/Scrollable done
Event: 0.508 loading class javax/swing/text/JTextComponent done
Event: 0.509 loading class java/util/concurrent/locks/AbstractQueuedSynchronizer$ConditionNode
Event: 0.509 loading class java/util/concurrent/ForkJoinPool$ManagedBlocker
Event: 0.509 loading class java/util/concurrent/ForkJoinPool$ManagedBlocker done
Event: 0.509 loading class java/util/concurrent/locks/AbstractQueuedSynchronizer$Node
Event: 0.509 loading class java/util/concurrent/locks/AbstractQueuedSynchronizer$Node done
Event: 0.509 loading class java/util/concurrent/locks/AbstractQueuedSynchronizer$ConditionNode done
Event: 5.517 Thread 0x000002540cb032c0 Thread exited: 0x000002540cb032c0
Event: 14.969 loading class java/util/concurrent/locks/AbstractQueuedSynchronizer$ExclusiveNode
Event: 14.969 loading class java/util/concurrent/locks/AbstractQueuedSynchronizer$ExclusiveNode done
Event: 14.970 loading class java/util/WeakHashMap$KeyIterator
Event: 14.970 loading class java/util/WeakHashMap$HashIterator
Event: 14.970 loading class java/util/WeakHashMap$HashIterator done
Event: 14.970 loading class java/util/WeakHashMap$KeyIterator done
Event: 14.970 loading class javax/swing/RepaintManager$DisplayChangedRunnable
Event: 14.970 loading class javax/swing/RepaintManager$DisplayChangedRunnable done


Dynamic libraries:
0x00007ff6bbed0000 - 0x00007ff6bbee0000 	E:\Program Files\Java\jdk-17.0.3.1\bin\java.exe
0x00007ffa27f60000 - 0x00007ffa28169000 	C:\WINDOWS\SYSTEM32\ntdll.dll
0x00007ffa26800000 - 0x00007ffa268bd000 	C:\WINDOWS\System32\KERNEL32.DLL
0x00007ffa257b0000 - 0x00007ffa25b29000 	C:\WINDOWS\System32\KERNELBASE.dll
0x00007ffa25690000 - 0x00007ffa257a1000 	C:\WINDOWS\System32\ucrtbase.dll
0x00007ffa21d30000 - 0x00007ffa21d4a000 	E:\Program Files\Java\jdk-17.0.3.1\bin\VCRUNTIME140.dll
0x00007ffa1fe90000 - 0x00007ffa1fea8000 	E:\Program Files\Java\jdk-17.0.3.1\bin\jli.dll
0x00007ffa27330000 - 0x00007ffa273de000 	C:\WINDOWS\System32\ADVAPI32.dll
0x00007ffa270b0000 - 0x00007ffa27153000 	C:\WINDOWS\System32\msvcrt.dll
0x00007ffa273e0000 - 0x00007ffa2747e000 	C:\WINDOWS\System32\sechost.dll
0x00007ffa26bf0000 - 0x00007ffa26d10000 	C:\WINDOWS\System32\RPCRT4.dll
0x00007ffa27c40000 - 0x00007ffa27dec000 	C:\WINDOWS\System32\USER32.dll
0x00007ffa25660000 - 0x00007ffa25686000 	C:\WINDOWS\System32\win32u.dll
0x00007ffa0d5c0000 - 0x00007ffa0d865000 	C:\WINDOWS\WinSxS\amd64_microsoft.windows.common-controls_6595b64144ccf1df_6.0.22000.120_none_9d947278b86cc467\COMCTL32.dll
0x00007ffa27c00000 - 0x00007ffa27c29000 	C:\WINDOWS\System32\GDI32.dll
0x00007ffa25b30000 - 0x00007ffa25c42000 	C:\WINDOWS\System32\gdi32full.dll
0x00007ffa255c0000 - 0x00007ffa2565d000 	C:\WINDOWS\System32\msvcp_win.dll
0x00007ffa1d2a0000 - 0x00007ffa1d2aa000 	C:\WINDOWS\SYSTEM32\VERSION.dll
0x00007ffa25e00000 - 0x00007ffa25e31000 	C:\WINDOWS\System32\IMM32.DLL
0x00007ffa1fe80000 - 0x00007ffa1fe8c000 	E:\Program Files\Java\jdk-17.0.3.1\bin\vcruntime140_1.dll
0x00007ffa0bda0000 - 0x00007ffa0be2d000 	E:\Program Files\Java\jdk-17.0.3.1\bin\msvcp140.dll
0x00007ff9f0f00000 - 0x00007ff9f1ac0000 	E:\Program Files\Java\jdk-17.0.3.1\bin\server\jvm.dll
0x00007ffa271d0000 - 0x00007ffa271d8000 	C:\WINDOWS\System32\PSAPI.DLL
0x00007ffa21ca0000 - 0x00007ffa21cd3000 	C:\WINDOWS\SYSTEM32\WINMM.dll
0x00007ffa21da0000 - 0x00007ffa21da9000 	C:\WINDOWS\SYSTEM32\WSOCK32.dll
0x00007ffa27950000 - 0x00007ffa279bf000 	C:\WINDOWS\System32\WS2_32.dll
0x00007ffa24600000 - 0x00007ffa24618000 	C:\WINDOWS\SYSTEM32\kernel.appcore.dll
0x00007ffa1fe70000 - 0x00007ffa1fe7a000 	E:\Program Files\Java\jdk-17.0.3.1\bin\jimage.dll
0x00007ffa118c0000 - 0x00007ffa11ae1000 	C:\WINDOWS\SYSTEM32\DBGHELP.DLL
0x00007ffa0f410000 - 0x00007ffa0f441000 	C:\WINDOWS\SYSTEM32\dbgcore.DLL
0x00007ffa25c50000 - 0x00007ffa25ccf000 	C:\WINDOWS\System32\bcryptPrimitives.dll
0x00007ffa1d450000 - 0x00007ffa1d48b000 	E:\Program Files\Java\jdk-17.0.3.1\bin\jdwp.dll
0x00007ffa1fa60000 - 0x00007ffa1fa6e000 	E:\Program Files\Java\jdk-17.0.3.1\bin\instrument.dll
0x00007ffa1fa70000 - 0x00007ffa1fa95000 	E:\Program Files\Java\jdk-17.0.3.1\bin\java.dll
0x00007ffa0b3f0000 - 0x00007ffa0b4c6000 	E:\Program Files\Java\jdk-17.0.3.1\bin\jsvml.dll
0x00007ffa25f60000 - 0x00007ffa2670f000 	C:\WINDOWS\System32\SHELL32.dll
0x00007ffa23580000 - 0x00007ffa23de8000 	C:\WINDOWS\SYSTEM32\windows.storage.dll
0x00007ffa26d30000 - 0x00007ffa270a8000 	C:\WINDOWS\System32\combase.dll
0x00007ffa23410000 - 0x00007ffa23576000 	C:\WINDOWS\SYSTEM32\wintypes.dll
0x00007ffa271e0000 - 0x00007ffa272ca000 	C:\WINDOWS\System32\SHCORE.dll
0x00007ffa27480000 - 0x00007ffa274dd000 	C:\WINDOWS\System32\shlwapi.dll
0x00007ffa25380000 - 0x00007ffa253a1000 	C:\WINDOWS\SYSTEM32\profapi.dll
0x00007ffa1fa10000 - 0x00007ffa1fa1c000 	E:\Program Files\Java\jdk-17.0.3.1\bin\dt_socket.dll
0x00007ffa24040000 - 0x00007ffa2406d000 	C:\WINDOWS\SYSTEM32\IPHLPAPI.DLL
0x00007ffa24a20000 - 0x00007ffa24a87000 	C:\WINDOWS\system32\mswsock.dll
0x00007ffa13e40000 - 0x00007ffa13e58000 	E:\Program Files\Java\jdk-17.0.3.1\bin\zip.dll
0x00007ffa1d4b0000 - 0x00007ffa1d4c9000 	E:\Program Files\Java\jdk-17.0.3.1\bin\net.dll
0x00007ffa1ef90000 - 0x00007ffa1f09c000 	C:\WINDOWS\SYSTEM32\WINHTTP.dll
0x00007ffa15190000 - 0x00007ffa151a6000 	E:\Program Files\Java\jdk-17.0.3.1\bin\nio.dll
0x00007ffa151c0000 - 0x00007ffa151d0000 	E:\Program Files\Java\jdk-17.0.3.1\bin\verify.dll
0x00007ff9eeeb0000 - 0x00007ff9ef03f000 	E:\Program Files\Java\jdk-17.0.3.1\bin\awt.dll
0x00007ffa26b10000 - 0x00007ffa26be6000 	C:\WINDOWS\System32\OLEAUT32.dll
0x00007ffa229b0000 - 0x00007ffa22a41000 	C:\WINDOWS\SYSTEM32\apphelp.dll
0x00007ffa22b60000 - 0x00007ffa22c0c000 	C:\WINDOWS\system32\uxtheme.dll
0x00007ffa27df0000 - 0x00007ffa27f0e000 	C:\WINDOWS\System32\MSCTF.dll
0x00007ffa279c0000 - 0x00007ffa27b5a000 	C:\WINDOWS\System32\ole32.dll
0x00007ffa22f00000 - 0x00007ffa22f2f000 	C:\WINDOWS\system32\DWMAPI.DLL
0x00007ffa03520000 - 0x00007ffa03621000 	C:\WINDOWS\system32\opengl32.dll
0x00007ffa0d480000 - 0x00007ffa0d4ad000 	C:\WINDOWS\SYSTEM32\GLU32.dll
0x00007ffa22c60000 - 0x00007ffa22c98000 	C:\WINDOWS\SYSTEM32\dxcore.dll
0x00007ffa0b320000 - 0x00007ffa0b3a9000 	E:\Program Files\Java\jdk-17.0.3.1\bin\freetype.dll
0x00007ff9fd8f0000 - 0x00007ff9fd998000 	E:\Program Files\Java\jdk-17.0.3.1\bin\fontmanager.dll
0x00007ff9fdca0000 - 0x00007ff9fddcd000 	C:\WINDOWS\SYSTEM32\textinputframework.dll

dbghelp: loaded successfully - version: 4.0.5 - missing functions: none
symbol engine: initialized successfully - sym options: 0x614 - pdb path: .;E:\Program Files\Java\jdk-17.0.3.1\bin;C:\WINDOWS\SYSTEM32;C:\WINDOWS\WinSxS\amd64_microsoft.windows.common-controls_6595b64144ccf1df_6.0.22000.120_none_9d947278b86cc467;E:\Program Files\Java\jdk-17.0.3.1\bin\server

VM Arguments:
jvm_args: -agentlib:jdwp=transport=dt_socket,address=127.0.0.1:61214,suspend=y,server=n -javaagent:C:\Users\admin\AppData\Local\JetBrains\IntelliJIdea2021.2\captureAgent\debugger-agent.jar -Dfile.encoding=UTF-8 
java_command: Main
java_class_path (initial): E:\develop\IdeaProjects\CS102A_project\ChessDemo\out\production\ChessDemo;E:\develop\IdeaProjects\CS102A_project\ChessDemo;E:\develop\IdeaProjects\CS102A_project\ChessDemo\libs\hutool-all-5.8.0.jar;E:\Program Files\JetBrains\IntelliJ IDEA 2021.2.4\lib\idea_rt.jar
Launcher Type: SUN_STANDARD

[Global flags]
     intx CICompilerCount                          = 4                                         {product} {ergonomic}
     uint ConcGCThreads                            = 3                                         {product} {ergonomic}
     uint G1ConcRefinementThreads                  = 10                                        {product} {ergonomic}
   size_t G1HeapRegionSize                         = 2097152                                   {product} {ergonomic}
    uintx GCDrainStackTargetSize                   = 64                                        {product} {ergonomic}
   size_t InitialHeapSize                          = 266338304                                 {product} {ergonomic}
   size_t MarkStackSize                            = 4194304                                   {product} {ergonomic}
   size_t MaxHeapSize                              = 4253024256                                {product} {ergonomic}
   size_t MaxNewSize                               = 2550136832                                {product} {ergonomic}
   size_t MinHeapDeltaBytes                        = 2097152                                   {product} {ergonomic}
   size_t MinHeapSize                              = 8388608                                   {product} {ergonomic}
    uintx NonNMethodCodeHeapSize                   = 5839372                                {pd product} {ergonomic}
    uintx NonProfiledCodeHeapSize                  = 122909434                              {pd product} {ergonomic}
    uintx ProfiledCodeHeapSize                     = 122909434                              {pd product} {ergonomic}
    uintx ReservedCodeCacheSize                    = 251658240                              {pd product} {ergonomic}
     bool SegmentedCodeCache                       = true                                      {product} {ergonomic}
   size_t SoftMaxHeapSize                          = 4253024256                             {manageable} {ergonomic}
     bool UseCompressedClassPointers               = true                           {product lp64_product} {ergonomic}
     bool UseCompressedOops                        = true                           {product lp64_product} {ergonomic}
     bool UseG1GC                                  = true                                      {product} {ergonomic}
     bool UseLargePagesIndividualAllocation        = false                                  {pd product} {ergonomic}

Logging:
Log output configuration:
 #0: stdout all=warning uptime,level,tags
 #1: stderr all=off uptime,level,tags

Environment Variables:
JAVA_HOME=E:\Program Files\Java\jdk1.8.0_191
PATH=C:\Program Files\Common Files\Oracle\Java\javapath;C:\Program Files (x86)\Common Files\Oracle\Java\javapath;C:\WINDOWS\system32;C:\WINDOWS;C:\WINDOWS\System32\Wbem;C:\WINDOWS\System32\WindowsPowerShell\v1.0\;C:\WINDOWS\System32\OpenSSH\;E:\Program Files\Java\jdk1.8.0_191\bin;E:\Program Files\Java\jdk1.8.0_191\jre\bin;E:\Program Files\Bandizip\;E:\develop\software\apache-maven-3.6.3\bin;E:\Program Files\Git\cmd;E:\Program Files\TortoiseGit\bin;E:\Program Files\nodejs\;C:\Program Files\Docker\Docker\resources\bin;C:\ProgramData\DockerDesktop\version-bin;C:\Users\admin\AppData\Local\Microsoft\WindowsApps;C:\Users\admin\AppData\Roaming\npm
USERNAME=admin
OS=Windows_NT
PROCESSOR_IDENTIFIER=Intel64 Family 6 Model 158 Stepping 10, GenuineIntel



---------------  S Y S T E M  ---------------

OS:
 Windows 11 , 64 bit Build 22000 (10.0.22000.675)
OS uptime: 1 days 18:18 hours
Hyper-V role detected

CPU: total 12 (initial active 12) (6 cores per cpu, 2 threads per core) family 6 model 158 stepping 10 microcode 0xde, cx8, cmov, fxsr, ht, mmx, 3dnowpref, sse, sse2, sse3, ssse3, sse4.1, sse4.2, popcnt, lzcnt, tsc, tscinvbit, avx, avx2, aes, erms, clmul, bmi1, bmi2, adx, fma, vzeroupper, clflush, clflushopt, hv

Memory: 4k page, system-wide physical 16221M (2965M free)
TotalPageFile size 28852M (AvailPageFile size 18M)
current process WorkingSet (physical memory assigned to process): 82M, peak: 82M
current process commit charge ("private bytes"): 359M, peak: 359M

vm_info: Java HotSpot(TM) 64-Bit Server VM (17.0.3.1+2-LTS-6) for windows-amd64 JRE (17.0.3.1+2-LTS-6), built on Apr 25 2022 22:04:21 by "mach5one" with MS VC++ 16.8 / 16.9 (VS2019)

END.
